<?xml version="1.0" encoding="UTF-8"?>
<testsuite name="ru.eas.repository.rest.NewsRestTest" tests="6" skipped="0" failures="0" errors="0" timestamp="2020-12-20T16:04:07" hostname="salsh" time="0.129">
  <properties/>
  <testcase name="when during saving repo throws exception then fail()" classname="ru.eas.repository.rest.NewsRestTest" time="0.082"/>
  <testcase name="when news is saved correctly then ok()" classname="ru.eas.repository.rest.NewsRestTest" time="0.01"/>
  <testcase name="when repository returns issues then ok()" classname="ru.eas.repository.rest.NewsRestTest" time="0.016"/>
  <testcase name="when repository returns empty list then ok()" classname="ru.eas.repository.rest.NewsRestTest" time="0.006"/>
  <testcase name="when repository throw exception then status fail()" classname="ru.eas.repository.rest.NewsRestTest" time="0.005"/>
  <testcase name="when issue is deleted then ok()" classname="ru.eas.repository.rest.NewsRestTest" time="0.005"/>
  <system-out><![CDATA[2020-12-20 19:04:07.087  INFO 11681 --- [    Test worker] o.s.t.c.s.AbstractContextLoader          : Could not detect default resource locations for test class [ru.eas.repository.rest.NewsRestTest]: no resource found for suffixes {-context.xml, Context.groovy}.
2020-12-20 19:04:07.090  INFO 11681 --- [    Test worker] .b.t.a.w.s.WebMvcTestContextBootstrapper : Loaded default TestExecutionListener class names from location [META-INF/spring.factories]: [org.springframework.boot.test.autoconfigure.restdocs.RestDocsTestExecutionListener, org.springframework.boot.test.autoconfigure.web.client.MockRestServiceServerResetTestExecutionListener, org.springframework.boot.test.autoconfigure.web.servlet.MockMvcPrintOnlyOnFailureTestExecutionListener, org.springframework.boot.test.autoconfigure.web.servlet.WebDriverTestExecutionListener, org.springframework.boot.test.autoconfigure.webservices.client.MockWebServiceServerTestExecutionListener, org.springframework.boot.test.mock.mockito.MockitoTestExecutionListener, org.springframework.boot.test.mock.mockito.ResetMocksTestExecutionListener, org.springframework.test.context.web.ServletTestExecutionListener, org.springframework.test.context.support.DirtiesContextBeforeModesTestExecutionListener, org.springframework.test.context.support.DependencyInjectionTestExecutionListener, org.springframework.test.context.support.DirtiesContextTestExecutionListener, org.springframework.test.context.transaction.TransactionalTestExecutionListener, org.springframework.test.context.jdbc.SqlScriptsTestExecutionListener, org.springframework.test.context.event.EventPublishingTestExecutionListener]
2020-12-20 19:04:07.091  INFO 11681 --- [    Test worker] .b.t.a.w.s.WebMvcTestContextBootstrapper : Using TestExecutionListeners: [org.springframework.test.context.web.ServletTestExecutionListener@22d21d43, org.springframework.test.context.support.DirtiesContextBeforeModesTestExecutionListener@faccdb7, org.springframework.boot.test.mock.mockito.MockitoTestExecutionListener@5ee48391, org.springframework.boot.test.autoconfigure.SpringBootDependencyInjectionTestExecutionListener@6c891bd, org.springframework.test.context.support.DirtiesContextTestExecutionListener@34c2bc22, org.springframework.test.context.transaction.TransactionalTestExecutionListener@5d6a1e78, org.springframework.test.context.jdbc.SqlScriptsTestExecutionListener@27e8f64f, org.springframework.test.context.event.EventPublishingTestExecutionListener@656fde76, org.springframework.boot.test.autoconfigure.restdocs.RestDocsTestExecutionListener@44ed5d55, org.springframework.boot.test.autoconfigure.web.client.MockRestServiceServerResetTestExecutionListener@49f9026e, org.springframework.boot.test.autoconfigure.web.servlet.MockMvcPrintOnlyOnFailureTestExecutionListener@2943df90, org.springframework.boot.test.autoconfigure.web.servlet.WebDriverTestExecutionListener@32c438a0, org.springframework.boot.test.autoconfigure.webservices.client.MockWebServiceServerTestExecutionListener@1c6ddc58, org.springframework.boot.test.mock.mockito.ResetMocksTestExecutionListener@1d0647c9]

  .   ____          _            __ _ _
 /\\ / ___'_ __ _ _(_)_ __  __ _ \ \ \ \
( ( )\___ | '_ | '_| | '_ \/ _` | \ \ \ \
 \\/  ___)| |_)| | | | | || (_| |  ) ) ) )
  '  |____| .__|_| |_|_| |_\__, | / / / /
 =========|_|==============|___/=/_/_/_/
 :: Spring Boot ::        (v2.3.4.RELEASE)

2020-12-20 19:04:07.106  INFO 11681 --- [    Test worker] r.e.r.r.NewsRestTest                     : Starting NewsRestTest on salsh with PID 11681 (started by salsh in /home/salsh/IdeaProjects/eas/eas-server)
2020-12-20 19:04:07.107  INFO 11681 --- [    Test worker] r.e.r.r.NewsRestTest                     : No active profile set, falling back to default profiles: default
2020-12-20 19:04:07.325  INFO 11681 --- [    Test worker] o.s.s.c.ThreadPoolTaskExecutor           : Initializing ExecutorService 'applicationTaskExecutor'
2020-12-20 19:04:07.379  INFO 11681 --- [    Test worker] o.s.b.t.m.w.SpringBootMockServletContext : Initializing Spring TestDispatcherServlet ''
2020-12-20 19:04:07.379  INFO 11681 --- [    Test worker] o.s.t.w.s.TestDispatcherServlet          : Initializing Servlet ''
2020-12-20 19:04:07.382  INFO 11681 --- [    Test worker] o.s.t.w.s.TestDispatcherServlet          : Completed initialization in 3 ms
2020-12-20 19:04:07.389  INFO 11681 --- [    Test worker] r.e.r.r.NewsRestTest                     : Started NewsRestTest in 0.296 seconds (JVM running for 4.552)
2020-12-20 19:04:07.468 ERROR 11681 --- [    Test worker] r.e.r.GlobalExceptionHandler             : java.lang.Exception: test
2020-12-20 19:04:07.481  INFO 11681 --- [    Test worker] r.e.r.NewsRest                           : Issue updated News(id=test_news_1, date=2020-12-20, text=test)
2020-12-20 19:04:07.512 ERROR 11681 --- [    Test worker] r.e.r.GlobalExceptionHandler             : java.lang.Exception: test
2020-12-20 19:04:07.518  INFO 11681 --- [    Test worker] r.e.r.NewsRest                           : News deleted by id test_news_1
]]></system-out>
  <system-err><![CDATA[]]></system-err>
</testsuite>
