<?xml version="1.0" encoding="UTF-8"?>
<testsuite name="ru.eas.repository.rest.NewsRestTest" tests="6" skipped="0" failures="0" errors="0" timestamp="2021-03-25T20:02:51" hostname="salsh" time="0.103">
  <properties/>
  <testcase name="when during saving repo throws exception then fail()" classname="ru.eas.repository.rest.NewsRestTest" time="0.072"/>
  <testcase name="when news is saved correctly then ok()" classname="ru.eas.repository.rest.NewsRestTest" time="0.008"/>
  <testcase name="when repository returns issues then ok()" classname="ru.eas.repository.rest.NewsRestTest" time="0.005"/>
  <testcase name="when repository returns empty list then ok()" classname="ru.eas.repository.rest.NewsRestTest" time="0.005"/>
  <testcase name="when repository throw exception then status fail()" classname="ru.eas.repository.rest.NewsRestTest" time="0.004"/>
  <testcase name="when issue is deleted then ok()" classname="ru.eas.repository.rest.NewsRestTest" time="0.004"/>
  <system-out><![CDATA[2021-03-25 23:02:50.816  INFO 36478 --- [    Test worker] o.s.t.c.s.AbstractContextLoader          : Could not detect default resource locations for test class [ru.eas.repository.rest.NewsRestTest]: no resource found for suffixes {-context.xml, Context.groovy}.
2021-03-25 23:02:50.819  INFO 36478 --- [    Test worker] .b.t.a.w.s.WebMvcTestContextBootstrapper : Loaded default TestExecutionListener class names from location [META-INF/spring.factories]: [org.springframework.boot.test.autoconfigure.restdocs.RestDocsTestExecutionListener, org.springframework.boot.test.autoconfigure.web.client.MockRestServiceServerResetTestExecutionListener, org.springframework.boot.test.autoconfigure.web.servlet.MockMvcPrintOnlyOnFailureTestExecutionListener, org.springframework.boot.test.autoconfigure.web.servlet.WebDriverTestExecutionListener, org.springframework.boot.test.autoconfigure.webservices.client.MockWebServiceServerTestExecutionListener, org.springframework.boot.test.mock.mockito.MockitoTestExecutionListener, org.springframework.boot.test.mock.mockito.ResetMocksTestExecutionListener, org.springframework.test.context.web.ServletTestExecutionListener, org.springframework.test.context.support.DirtiesContextBeforeModesTestExecutionListener, org.springframework.test.context.support.DependencyInjectionTestExecutionListener, org.springframework.test.context.support.DirtiesContextTestExecutionListener, org.springframework.test.context.transaction.TransactionalTestExecutionListener, org.springframework.test.context.jdbc.SqlScriptsTestExecutionListener, org.springframework.test.context.event.EventPublishingTestExecutionListener]
2021-03-25 23:02:50.819  INFO 36478 --- [    Test worker] .b.t.a.w.s.WebMvcTestContextBootstrapper : Using TestExecutionListeners: [org.springframework.test.context.web.ServletTestExecutionListener@49ce3f4c, org.springframework.test.context.support.DirtiesContextBeforeModesTestExecutionListener@4561f4c1, org.springframework.boot.test.mock.mockito.MockitoTestExecutionListener@2a3aa842, org.springframework.boot.test.autoconfigure.SpringBootDependencyInjectionTestExecutionListener@39b72834, org.springframework.test.context.support.DirtiesContextTestExecutionListener@13b5411, org.springframework.test.context.transaction.TransactionalTestExecutionListener@4b366f0b, org.springframework.test.context.jdbc.SqlScriptsTestExecutionListener@34b1b697, org.springframework.test.context.event.EventPublishingTestExecutionListener@3447cebd, org.springframework.boot.test.autoconfigure.restdocs.RestDocsTestExecutionListener@6f078ff8, org.springframework.boot.test.autoconfigure.web.client.MockRestServiceServerResetTestExecutionListener@1731eb24, org.springframework.boot.test.autoconfigure.web.servlet.MockMvcPrintOnlyOnFailureTestExecutionListener@2e8df25b, org.springframework.boot.test.autoconfigure.web.servlet.WebDriverTestExecutionListener@24b5e311, org.springframework.boot.test.autoconfigure.webservices.client.MockWebServiceServerTestExecutionListener@771ed030, org.springframework.boot.test.mock.mockito.ResetMocksTestExecutionListener@6f6e6d3c]

  .   ____          _            __ _ _
 /\\ / ___'_ __ _ _(_)_ __  __ _ \ \ \ \
( ( )\___ | '_ | '_| | '_ \/ _` | \ \ \ \
 \\/  ___)| |_)| | | | | || (_| |  ) ) ) )
  '  |____| .__|_| |_|_| |_\__, | / / / /
 =========|_|==============|___/=/_/_/_/
 :: Spring Boot ::        (v2.3.4.RELEASE)

2021-03-25 23:02:50.836  INFO 36478 --- [    Test worker] r.e.r.r.NewsRestTest                     : Starting NewsRestTest on salsh with PID 36478 (started by salsh in /home/salsh/IdeaProjects/eas/eas-server)
2021-03-25 23:02:50.837  INFO 36478 --- [    Test worker] r.e.r.r.NewsRestTest                     : No active profile set, falling back to default profiles: default
2021-03-25 23:02:51.057  INFO 36478 --- [    Test worker] o.s.s.c.ThreadPoolTaskExecutor           : Initializing ExecutorService 'applicationTaskExecutor'
2021-03-25 23:02:51.123  INFO 36478 --- [    Test worker] o.s.b.t.m.w.SpringBootMockServletContext : Initializing Spring TestDispatcherServlet ''
2021-03-25 23:02:51.123  INFO 36478 --- [    Test worker] o.s.t.w.s.TestDispatcherServlet          : Initializing Servlet ''
2021-03-25 23:02:51.126  INFO 36478 --- [    Test worker] o.s.t.w.s.TestDispatcherServlet          : Completed initialization in 3 ms
2021-03-25 23:02:51.133  INFO 36478 --- [    Test worker] r.e.r.r.NewsRestTest                     : Started NewsRestTest in 0.312 seconds (JVM running for 5.203)
2021-03-25 23:02:51.202 ERROR 36478 --- [    Test worker] r.e.r.GlobalExceptionHandler             : java.lang.Exception: test
2021-03-25 23:02:51.214  INFO 36478 --- [    Test worker] r.e.r.NewsRest                           : Issue updated News(id=test_news_1, date=2021-03-25, text=test)
2021-03-25 23:02:51.231 ERROR 36478 --- [    Test worker] r.e.r.GlobalExceptionHandler             : java.lang.Exception: test
2021-03-25 23:02:51.236  INFO 36478 --- [    Test worker] r.e.r.NewsRest                           : News deleted by id test_news_1
]]></system-out>
  <system-err><![CDATA[]]></system-err>
</testsuite>
