<?xml version="1.0" encoding="UTF-8"?>
<testsuite name="ru.eas.repository.rest.UIContentRestTest" tests="5" skipped="0" failures="0" errors="0" timestamp="2021-03-25T20:02:50" hostname="salsh" time="0.125">
  <properties/>
  <testcase name="when during saving repo throws exception then fail()" classname="ru.eas.repository.rest.UIContentRestTest" time="0.097"/>
  <testcase name="when content is saved correctly then ok()" classname="ru.eas.repository.rest.UIContentRestTest" time="0.009"/>
  <testcase name="when repository returns empty list then ok()" classname="ru.eas.repository.rest.UIContentRestTest" time="0.006"/>
  <testcase name="when repository throw exception then status fail()" classname="ru.eas.repository.rest.UIContentRestTest" time="0.005"/>
  <testcase name="when repository returns content then ok()" classname="ru.eas.repository.rest.UIContentRestTest" time="0.006"/>
  <system-out><![CDATA[2021-03-25 23:02:50.155  INFO 36478 --- [    Test worker] o.s.t.c.s.AbstractContextLoader          : Could not detect default resource locations for test class [ru.eas.repository.rest.UIContentRestTest]: no resource found for suffixes {-context.xml, Context.groovy}.
2021-03-25 23:02:50.160  INFO 36478 --- [    Test worker] .b.t.a.w.s.WebMvcTestContextBootstrapper : Loaded default TestExecutionListener class names from location [META-INF/spring.factories]: [org.springframework.boot.test.autoconfigure.restdocs.RestDocsTestExecutionListener, org.springframework.boot.test.autoconfigure.web.client.MockRestServiceServerResetTestExecutionListener, org.springframework.boot.test.autoconfigure.web.servlet.MockMvcPrintOnlyOnFailureTestExecutionListener, org.springframework.boot.test.autoconfigure.web.servlet.WebDriverTestExecutionListener, org.springframework.boot.test.autoconfigure.webservices.client.MockWebServiceServerTestExecutionListener, org.springframework.boot.test.mock.mockito.MockitoTestExecutionListener, org.springframework.boot.test.mock.mockito.ResetMocksTestExecutionListener, org.springframework.test.context.web.ServletTestExecutionListener, org.springframework.test.context.support.DirtiesContextBeforeModesTestExecutionListener, org.springframework.test.context.support.DependencyInjectionTestExecutionListener, org.springframework.test.context.support.DirtiesContextTestExecutionListener, org.springframework.test.context.transaction.TransactionalTestExecutionListener, org.springframework.test.context.jdbc.SqlScriptsTestExecutionListener, org.springframework.test.context.event.EventPublishingTestExecutionListener]
2021-03-25 23:02:50.161  INFO 36478 --- [    Test worker] .b.t.a.w.s.WebMvcTestContextBootstrapper : Using TestExecutionListeners: [org.springframework.test.context.web.ServletTestExecutionListener@6935ff91, org.springframework.test.context.support.DirtiesContextBeforeModesTestExecutionListener@2a7a14a5, org.springframework.boot.test.mock.mockito.MockitoTestExecutionListener@16f871f4, org.springframework.boot.test.autoconfigure.SpringBootDependencyInjectionTestExecutionListener@6278c3e9, org.springframework.test.context.support.DirtiesContextTestExecutionListener@24777140, org.springframework.test.context.transaction.TransactionalTestExecutionListener@5ed28657, org.springframework.test.context.jdbc.SqlScriptsTestExecutionListener@b703ba8, org.springframework.test.context.event.EventPublishingTestExecutionListener@2fb3d6a4, org.springframework.boot.test.autoconfigure.restdocs.RestDocsTestExecutionListener@30514f63, org.springframework.boot.test.autoconfigure.web.client.MockRestServiceServerResetTestExecutionListener@7afb8700, org.springframework.boot.test.autoconfigure.web.servlet.MockMvcPrintOnlyOnFailureTestExecutionListener@70dc4e8c, org.springframework.boot.test.autoconfigure.web.servlet.WebDriverTestExecutionListener@41ebb0c5, org.springframework.boot.test.autoconfigure.webservices.client.MockWebServiceServerTestExecutionListener@7bfbc5cc, org.springframework.boot.test.mock.mockito.ResetMocksTestExecutionListener@5d1e8e34]

  .   ____          _            __ _ _
 /\\ / ___'_ __ _ _(_)_ __  __ _ \ \ \ \
( ( )\___ | '_ | '_| | '_ \/ _` | \ \ \ \
 \\/  ___)| |_)| | | | | || (_| |  ) ) ) )
  '  |____| .__|_| |_|_| |_\__, | / / / /
 =========|_|==============|___/=/_/_/_/
 :: Spring Boot ::        (v2.3.4.RELEASE)

2021-03-25 23:02:50.200  INFO 36478 --- [    Test worker] r.e.r.r.UIContentRestTest                : Starting UIContentRestTest on salsh with PID 36478 (started by salsh in /home/salsh/IdeaProjects/eas/eas-server)
2021-03-25 23:02:50.203  INFO 36478 --- [    Test worker] r.e.r.r.UIContentRestTest                : No active profile set, falling back to default profiles: default
2021-03-25 23:02:50.557  INFO 36478 --- [    Test worker] o.s.s.c.ThreadPoolTaskExecutor           : Initializing ExecutorService 'applicationTaskExecutor'
2021-03-25 23:02:50.669  INFO 36478 --- [    Test worker] o.s.b.t.m.w.SpringBootMockServletContext : Initializing Spring TestDispatcherServlet ''
2021-03-25 23:02:50.669  INFO 36478 --- [    Test worker] o.s.t.w.s.TestDispatcherServlet          : Initializing Servlet ''
2021-03-25 23:02:50.674  INFO 36478 --- [    Test worker] o.s.t.w.s.TestDispatcherServlet          : Completed initialization in 5 ms
2021-03-25 23:02:50.685  INFO 36478 --- [    Test worker] r.e.r.r.UIContentRestTest                : Started UIContentRestTest in 0.521 seconds (JVM running for 4.755)
2021-03-25 23:02:50.780 ERROR 36478 --- [    Test worker] r.e.r.GlobalExceptionHandler             : java.lang.Exception: test
2021-03-25 23:02:50.791  INFO 36478 --- [    Test worker] r.e.r.UIContentRest                      : Ui content updated UIContent(id=about_Terms_and_conditions, content=test)
2021-03-25 23:02:50.805 ERROR 36478 --- [    Test worker] r.e.r.GlobalExceptionHandler             : java.lang.Exception: test
]]></system-out>
  <system-err><![CDATA[]]></system-err>
</testsuite>
